{
  "stats": {
    "suites": 2,
    "tests": 3,
    "passes": 3,
    "pending": 0,
    "failures": 0,
    "start": "2026-08-17T18:05:34.505Z",
    "end": "2026-08-17T18:05:36.729Z",
    "duration": 2224,
    "testsRegistered": 3,
    "passPercent": 100,
    "pendingPercent": 0,
    "other": 0,
    "hasOther": false,
    "skipped": 0,
    "hasSkipped": false
  },
  "results": [
    {
      "uuid": "5315f7b0-9dd6-461c-8e93-773a0714e469",
      "title": "",
      "fullFile": "",
      "file": "",
      "beforeHooks": [
        {
          "title": "\"before all\" hook in \"{root}\"",
          "fullTitle": "\"before all\" hook in \"{root}\"",
          "timedOut": false,
          "duration": 836,
          "state": null,
          "speed": null,
          "pass": false,
          "fail": false,
          "pending": false,
          "context": null,
          "code": "const response = await fetch(\n  \"https://belajar-bareng.onrender.com/api/login\",\n  {\n    headers: {\n      \"Content-Type\": \"application/json\",\n    },\n    method: \"POST\",\n    body: JSON.stringify({\n      username: \"admin\",\n      password: \"admin\",\n    }),\n  }\n);\nconst data = await response.json();\ntoken = data.token;",
          "err": {},
          "uuid": "3309487d-abad-4b70-8fef-23d083a65dc2",
          "parentUUID": "5315f7b0-9dd6-461c-8e93-773a0714e469",
          "isHook": true,
          "skipped": false
        }
      ],
      "afterHooks": [],
      "tests": [],
      "suites": [
        {
          "uuid": "904e5d76-eea6-400f-b9e2-89f5ab5b19b7",
          "title": "Test List User",
          "fullFile": "D:\\Belajar\\Bootcamp SQA - Digital Skola\\Homework\\sesi-7-api-automation\\tests\\apiTest.js",
          "file": "\\tests\\apiTest.js",
          "beforeHooks": [],
          "afterHooks": [],
          "tests": [
            {
              "title": "Get User List",
              "fullTitle": "Test List User Get User List",
              "timedOut": false,
              "duration": 776,
              "state": "passed",
              "speed": "slow",
              "pass": true,
              "fail": false,
              "pending": false,
              "context": null,
              "code": "const response = await fetch(\n  \"https://belajar-bareng.onrender.com/api/users\",\n  {\n    headers: {\n      \"Content-Type\": \"application/json\",\n      authorization: `Bearer ${token}`,\n    },\n  }\n);\nexpect(response.status).to.equal(200);\n// Mencetak Response Body\nconst data = await response.json();\nexpect(data.users[0].username).to.eql(\"Ridhwan\");",
              "err": {},
              "uuid": "7bb0f1b2-7558-45ab-9254-a0e6048fc6e3",
              "parentUUID": "904e5d76-eea6-400f-b9e2-89f5ab5b19b7",
              "isHook": false,
              "skipped": false
            }
          ],
          "suites": [],
          "passes": [
            "7bb0f1b2-7558-45ab-9254-a0e6048fc6e3"
          ],
          "failures": [],
          "pending": [],
          "skipped": [],
          "duration": 776,
          "root": false,
          "rootEmpty": false,
          "_timeout": 2000
        },
        {
          "uuid": "32ad75f8-3580-4c76-a8f4-4a144c342a41",
          "title": "Test Add User",
          "fullFile": "D:\\Belajar\\Bootcamp SQA - Digital Skola\\Homework\\sesi-7-api-automation\\tests\\apiTest.js",
          "file": "\\tests\\apiTest.js",
          "beforeHooks": [],
          "afterHooks": [],
          "tests": [
            {
              "title": "Success Add User",
              "fullTitle": "Test Add User Success Add User",
              "timedOut": false,
              "duration": 397,
              "state": "passed",
              "speed": "slow",
              "pass": true,
              "fail": false,
              "pending": false,
              "context": null,
              "code": "const username = \"seonhokim\";\nconst age = 33;\nconst response = await fetch(\n  \"https://belajar-bareng.onrender.com/api/add-user\",\n  {\n    headers: {\n      \"Content-Type\": \"application/json\",\n      authorization: `Bearer ${token}`\n    },\n    method: \"POST\",\n    body: JSON.stringify({\n      username: username,\n      age: age\n    }),\n  }\n);\nexpect(response.status).to.equal(201);\n// Mencetak Response Body\nconst data = await response.json();\nexpect(data.message).to.eql(`User successfully added, Hi ${username}!`);",
              "err": {},
              "uuid": "7297fba5-2bbd-454e-9883-525b64fbb5b8",
              "parentUUID": "32ad75f8-3580-4c76-a8f4-4a144c342a41",
              "isHook": false,
              "skipped": false
            },
            {
              "title": "Failed Add User",
              "fullTitle": "Test Add User Failed Add User",
              "timedOut": false,
              "duration": 208,
              "state": "passed",
              "speed": "slow",
              "pass": true,
              "fail": false,
              "pending": false,
              "context": null,
              "code": "const username = \"\";\nconst age = 33;\nconst response = await fetch(\n  \"https://belajar-bareng.onrender.com/api/add-user\",\n  {\n    headers: {\n      \"Content-Type\": \"application/json\",\n      authorization: `Bearer ${token}`\n    },\n    method: \"POST\",\n    body: JSON.stringify({\n      username: username,\n      age: age\n    }),\n  }\n);\nexpect(response.status).to.equal(400);\n// Mencetak Response Body\nconst data = await response.json();\nexpect(data.error).to.eql(\"Missing username or age\");",
              "err": {},
              "uuid": "84c428f0-0e11-40ce-82b4-6ed48fd52490",
              "parentUUID": "32ad75f8-3580-4c76-a8f4-4a144c342a41",
              "isHook": false,
              "skipped": false
            }
          ],
          "suites": [],
          "passes": [
            "7297fba5-2bbd-454e-9883-525b64fbb5b8",
            "84c428f0-0e11-40ce-82b4-6ed48fd52490"
          ],
          "failures": [],
          "pending": [],
          "skipped": [],
          "duration": 605,
          "root": false,
          "rootEmpty": false,
          "_timeout": 2000
        }
      ],
      "passes": [],
      "failures": [],
      "pending": [],
      "skipped": [],
      "duration": 0,
      "root": true,
      "rootEmpty": true,
      "_timeout": 2000
    }
  ],
  "meta": {
    "mocha": {
      "version": "11.8.0"
    },
    "mochawesome": {
      "options": {
        "quiet": false,
        "reportFilename": "mochawesome",
        "saveHtml": true,
        "saveJson": true,
        "consoleReporter": "spec",
        "useInlineDiffs": false,
        "code": true
      },
      "version": "8.0.1"
    },
    "marge": {
      "options": null,
      "version": "6.3.2"
    }
  }
}