{
  "stats": {
    "suites": 1,
    "tests": 2,
    "passes": 2,
    "pending": 0,
    "failures": 0,
    "start": "2026-08-21T15:51:08.206Z",
    "end": "2026-08-21T15:51:14.905Z",
    "duration": 6699,
    "testsRegistered": 2,
    "passPercent": 100,
    "pendingPercent": 0,
    "other": 0,
    "hasOther": false,
    "skipped": 0,
    "hasSkipped": false
  },
  "results": [
    {
      "uuid": "6db22f2a-c7ac-4f5c-9b89-519df6f0ecfc",
      "title": "",
      "fullFile": "D:\\Belajar\\Bootcamp SQA - Digital Skola\\Homework\\sesi 9 - Web UI Automation\\test\\belajar-bareng.js",
      "file": "\\test\\belajar-bareng.js",
      "beforeHooks": [],
      "afterHooks": [],
      "tests": [],
      "suites": [
        {
          "uuid": "210684be-abd8-455f-bcf5-940f05615f12",
          "title": "Login and Add User Belajar Bareng",
          "fullFile": "D:\\Belajar\\Bootcamp SQA - Digital Skola\\Homework\\sesi 9 - Web UI Automation\\test\\belajar-bareng.js",
          "file": "\\test\\belajar-bareng.js",
          "beforeHooks": [
            {
              "title": "\"before all\" hook in \"Login and Add User Belajar Bareng\"",
              "fullTitle": "Login and Add User Belajar Bareng \"before all\" hook in \"Login and Add User Belajar Bareng\"",
              "timedOut": false,
              "duration": 4465,
              "state": null,
              "speed": null,
              "pass": false,
              "fail": false,
              "pending": false,
              "context": null,
              "code": "driver = await new Builder()\n    .forBrowser(\"chrome\")\n    .build();\nawait driver.get(\"https://belajar-bareng.onrender.com\");",
              "err": {},
              "uuid": "30392661-1c3f-4c45-8f5f-cde37b901f6a",
              "parentUUID": "210684be-abd8-455f-bcf5-940f05615f12",
              "isHook": true,
              "skipped": false
            }
          ],
          "afterHooks": [],
          "tests": [
            {
              "title": "Should Login Successfully",
              "fullTitle": "Login and Add User Belajar Bareng Should Login Successfully",
              "timedOut": false,
              "duration": 865,
              "state": "passed",
              "speed": "slow",
              "pass": true,
              "fail": false,
              "pending": false,
              "context": null,
              "code": "let usernameInput = await driver.findElement(By.xpath(\"//*[@data-testid='username-input']\"));\nlet passwordInput = await driver.findElement(By.xpath(\"//*[@data-testid='password-input']\"));\nlet loginButton = await driver.findElement(By.xpath(\"//*[@data-testid='login-button']\"));\nawait usernameInput.sendKeys(\"admin\");\nawait passwordInput.sendKeys(\"admin\");\nawait loginButton.click();\n//redirect\nawait driver.wait(until.urlContains(\"/users\"),5000);\n//assert redirect\nconst currentUrl = await driver.getCurrentUrl();\nassert.ok(currentUrl.includes(\"/users\"),\n    \"User should be redirected to List Users\"\n);",
              "err": {},
              "uuid": "ce4277ae-bd75-4916-a1b1-7be674b28c11",
              "parentUUID": "210684be-abd8-455f-bcf5-940f05615f12",
              "isHook": false,
              "skipped": false
            },
            {
              "title": "Should Add User Successfully",
              "fullTitle": "Login and Add User Belajar Bareng Should Add User Successfully",
              "timedOut": false,
              "duration": 1361,
              "state": "passed",
              "speed": "slow",
              "pass": true,
              "fail": false,
              "pending": false,
              "context": null,
              "code": "await driver.findElement(By.xpath(\"//*[@data-testid='add-button']\"))\n    .click();\nlet usernameInput = await driver.findElement(By.xpath(\"//*[@data-testid='username-input']\"));\nlet ageInput = await driver.findElement(By.xpath(\"//*[@data-testid='age-input']\"));\nlet loginButton = await driver.findElement(By.xpath(\"//*[@data-testid='submit-button']\"));\nawait usernameInput.sendKeys(\"seonhokim\");\nawait ageInput.sendKeys(\"32\");\nawait loginButton.click();\n//assert message\nconst toast = await driver.wait(\nuntil.elementLocated(\nBy.xpath(\"//*[@data-testid='toast-content']\")),\n5000\n);\nawait driver.wait(\nuntil.elementTextContains(toast,\"User successfully added\"),\n5000\n);\nconst actual = await toast.getText();\nconst expected = \"User successfully added, Hi seonhokim!\";\nassert.strictEqual(actual, expected);\nawait driver.quit();",
              "err": {},
              "uuid": "73d32795-6ab3-437f-abd4-0f3445d6c3a4",
              "parentUUID": "210684be-abd8-455f-bcf5-940f05615f12",
              "isHook": false,
              "skipped": false
            }
          ],
          "suites": [],
          "passes": [
            "ce4277ae-bd75-4916-a1b1-7be674b28c11",
            "73d32795-6ab3-437f-abd4-0f3445d6c3a4"
          ],
          "failures": [],
          "pending": [],
          "skipped": [],
          "duration": 2226,
          "root": false,
          "rootEmpty": false,
          "_timeout": 20000
        }
      ],
      "passes": [],
      "failures": [],
      "pending": [],
      "skipped": [],
      "duration": 0,
      "root": true,
      "rootEmpty": true,
      "_timeout": 20000
    }
  ],
  "meta": {
    "mocha": {
      "version": "11.8.0"
    },
    "mochawesome": {
      "options": {
        "quiet": false,
        "reportFilename": "mochawesome",
        "saveHtml": true,
        "saveJson": true,
        "consoleReporter": "spec",
        "useInlineDiffs": false,
        "code": true
      },
      "version": "8.0.1"
    },
    "marge": {
      "options": null,
      "version": "6.3.2"
    }
  }
}